<?xml version="1.0" encoding="UTF-8"?>
<!-- Generated by org.testng.reporters.JUnitXMLReporter -->
<testsuite ignored="0" hostname="DESKTOP-LLE4103" failures="0" tests="2" name="addHomeImprovementToWishlist" time="91.481" errors="0" timestamp="2022-09-21T16:12:58 IST">
  <testcase classname="testcases.AddHomeImprovementItemsToWishList" name="LoginPage" time="2.223"/>
  <testcase classname="testcases.AddHomeImprovementItemsToWishList" name="addHomeImprovementsToWishList" time="58.863"/>
</testsuite> <!-- addHomeImprovementToWishlist -->
