<?xml version="1.0" encoding="UTF-8"?>
<!-- Generated by org.testng.reporters.JUnitXMLReporter -->
<testsuite ignored="0" hostname="DESKTOP-LLE4103" failures="0" tests="2" name="addHomeImprovementToWishlist" time="80.479" errors="0" timestamp="2022-09-20T15:21:23 IST">
  <testcase classname="testcases.AddHomeImprovementItemsToWishList" name="LoginPage" time="2.928"/>
  <testcase classname="testcases.AddHomeImprovementItemsToWishList" name="addHomeImprovementsToWishList" time="69.233"/>
</testsuite> <!-- addHomeImprovementToWishlist -->
