<?xml version="1.0" encoding="UTF-8"?>
<!-- Generated by org.testng.reporters.JUnitXMLReporter -->
<testsuite ignored="0" hostname="DESKTOP-LLE4103" failures="0" tests="2" name="addSportsFitnessToWishList" time="79.809" errors="0" timestamp="2022-09-23T14:21:43 IST">
  <testcase classname="testcases.AddSportsFitnessItemToWishList" name="LoginPage" time="2.228"/>
  <testcase classname="testcases.AddSportsFitnessItemToWishList" name="BestSellerBook" time="68.275"/>
</testsuite> <!-- addSportsFitnessToWishList -->
