<?xml version="1.0" encoding="UTF-8"?>
<!-- Generated by org.testng.reporters.JUnitXMLReporter -->
<testsuite ignored="0" hostname="DESKTOP-LLE4103" failures="0" tests="2" name="addSportsFitnessToWishList" time="57.23" errors="0" timestamp="2022-09-27T13:37:53 IST">
  <testcase classname="testcases.AddSportsFitnessItemToWishList" name="LoginPage" time="2.322"/>
  <testcase classname="testcases.AddSportsFitnessItemToWishList" name="BestSellerBook" time="44.466"/>
</testsuite> <!-- addSportsFitnessToWishList -->
