<?xml version="1.0" encoding="UTF-8"?>
<!-- Generated by org.testng.reporters.JUnitXMLReporter -->
<testsuite ignored="0" hostname="LAPTOP-RDR3QR6H" failures="0" tests="2" name="Default test" time="71.689" errors="0" timestamp="2022-09-20T09:58:41 IST">
  <testcase classname="testcases.AddHomeImprovementItemsToWishList" name="LoginPage" time="1.476"/>
  <testcase classname="testcases.AddHomeImprovementItemsToWishList" name="addHomeImprovementsToWishList" time="48.279"/>
</testsuite> <!-- Default test -->
