<?xml version="1.0" encoding="UTF-8"?>
<testng-results ignored="0" total="2" passed="2" failed="0" skipped="0">
  <reporter-output>
  </reporter-output>
  <suite started-at="2022-09-21T15:51:25 IST" name="Default suite" finished-at="2022-09-21T15:52:03 IST" duration-ms="37989">
    <groups>
    </groups>
    <test started-at="2022-09-21T15:51:25 IST" name="Default test" finished-at="2022-09-21T15:52:03 IST" duration-ms="37989">
      <class name="testcases.ViewOrders">
        <test-method is-config="true" signature="launchBrowser()[pri:0, instance:testcases.ViewOrders@233795b6]" started-at="2022-09-21T15:51:25 IST" name="launchBrowser" finished-at="2022-09-21T15:51:42 IST" duration-ms="17610" status="PASS">
          <reporter-output>
          </reporter-output>
        </test-method> <!-- launchBrowser -->
        <test-method is-config="true" signature="createPOMObject()[pri:0, instance:testcases.ViewOrders@233795b6]" started-at="2022-09-21T15:51:42 IST" name="createPOMObject" finished-at="2022-09-21T15:51:43 IST" duration-ms="63" status="PASS">
          <reporter-output>
          </reporter-output>
        </test-method> <!-- createPOMObject -->
        <test-method signature="LoginPage()[pri:1, instance:testcases.ViewOrders@233795b6]" started-at="2022-09-21T15:51:43 IST" name="LoginPage" finished-at="2022-09-21T15:51:45 IST" duration-ms="2368" status="PASS">
          <reporter-output>
          </reporter-output>
        </test-method> <!-- LoginPage -->
        <test-method signature="ViewOrdersPage()[pri:2, instance:testcases.ViewOrders@233795b6]" started-at="2022-09-21T15:51:45 IST" name="ViewOrdersPage" finished-at="2022-09-21T15:51:59 IST" duration-ms="14121" status="PASS">
          <reporter-output>
          </reporter-output>
        </test-method> <!-- ViewOrdersPage -->
        <test-method is-config="true" signature="flushExtent()[pri:0, instance:testcases.ViewOrders@233795b6]" started-at="2022-09-21T15:51:59 IST" name="flushExtent" finished-at="2022-09-21T15:52:03 IST" duration-ms="3704" status="PASS">
          <reporter-output>
          </reporter-output>
        </test-method> <!-- flushExtent -->
      </class> <!-- testcases.ViewOrders -->
    </test> <!-- Default test -->
  </suite> <!-- Default suite -->
</testng-results>
